<?xml version="1.0" encoding="UTF-8"?>
<!-- Generated by org.testng.reporters.JUnitXMLReporter -->
<testsuite hostname="Agalyas-MacBook-Pro.local" name="Smoke Test" tests="3" failures="0" timestamp="28 Mar 2014 11:30:10 GMT" time="13.838" errors="0">
  <testcase name="checkSliderDefaultposition" time="0.416" classname="tests.SampleTest"/>
  <testcase name="computeSum" time="3.957" classname="tests.SampleTest"/>
  <testcase name="moveSlider" time="1.145" classname="tests.SampleTest"/>
</testsuite> <!-- Smoke Test -->
