<?xml version="1.0" encoding="UTF-8"?>
<testng-results skipped="0" failed="0" total="3" passed="3">
  <reporter-output>
  </reporter-output>
  <suite name="Google Test Suite" duration-ms="13838" started-at="2014-03-28T11:29:56Z" finished-at="2014-03-28T11:30:10Z">
    <groups>
      <group name="smoke">
        <method signature="SampleTest.checkSliderDefaultposition()[pri:0, instance:tests.SampleTest@7cb25b9d]" name="checkSliderDefaultposition" class="tests.SampleTest"/>
        <method signature="SampleTest.computeSum()[pri:0, instance:tests.SampleTest@7cb25b9d]" name="computeSum" class="tests.SampleTest"/>
        <method signature="SampleTest.moveSlider()[pri:0, instance:tests.SampleTest@7cb25b9d]" name="moveSlider" class="tests.SampleTest"/>
      </group> <!-- smoke -->
    </groups>
    <test name="Smoke Test" duration-ms="13838" started-at="2014-03-28T11:29:56Z" finished-at="2014-03-28T11:30:10Z">
      <class name="tests.SampleTest">
        <test-method status="PASS" signature="initialize()[pri:0, instance:tests.SampleTest@7cb25b9d]" name="initialize" is-config="true" duration-ms="7533" started-at="2014-03-28T16:59:56Z" finished-at="2014-03-28T17:00:04Z">
          <reporter-output>
          </reporter-output>
        </test-method> <!-- initialize -->
        <test-method status="PASS" signature="checkSliderDefaultposition()[pri:0, instance:tests.SampleTest@7cb25b9d]" name="checkSliderDefaultposition" duration-ms="416" started-at="2014-03-28T17:00:04Z" finished-at="2014-03-28T17:00:04Z">
          <reporter-output>
          </reporter-output>
        </test-method> <!-- checkSliderDefaultposition -->
        <test-method status="PASS" signature="computeSum()[pri:0, instance:tests.SampleTest@7cb25b9d]" name="computeSum" duration-ms="3957" started-at="2014-03-28T17:00:04Z" finished-at="2014-03-28T17:00:08Z">
          <reporter-output>
          </reporter-output>
        </test-method> <!-- computeSum -->
        <test-method status="PASS" signature="moveSlider()[pri:0, instance:tests.SampleTest@7cb25b9d]" name="moveSlider" duration-ms="1145" started-at="2014-03-28T17:00:08Z" finished-at="2014-03-28T17:00:10Z">
          <reporter-output>
          </reporter-output>
        </test-method> <!-- moveSlider -->
        <test-method status="PASS" signature="close()[pri:0, instance:tests.SampleTest@7cb25b9d]" name="close" is-config="true" duration-ms="776" started-at="2014-03-28T17:00:10Z" finished-at="2014-03-28T17:00:10Z">
          <reporter-output>
          </reporter-output>
        </test-method> <!-- close -->
      </class> <!-- tests.SampleTest -->
    </test> <!-- Smoke Test -->
  </suite> <!-- Google Test Suite -->
</testng-results>
